<?xml version="1.0" encoding="UTF-8"?>
<!-- Generated by org.testng.reporters.JUnitReportReporter -->
<testsuite hostname="DESKTOP-RKAQ77B" failures="0" tests="1" name="com.LoginPage" time="15.376" errors="0" timestamp="2023-07-18T17:18:12 IST" skipped="0">
  <testcase classname="com.LoginPage" name="login" time="15.376"/>
</testsuite> <!-- com.LoginPage -->
