<?xml version="1.0" encoding="UTF-8"?>
<!-- Generated by org.testng.reporters.JUnitReportReporter -->
<testsuite hostname="DESKTOP-RKAQ77B" failures="0" tests="4" name="com.LoginPageFront" time="40.097" errors="0" timestamp="2023-08-09T10:09:19 IST" skipped="0">
  <testcase classname="com.LoginPageFront" name="TestLogin" time="13.155"/>
  <testcase classname="com.LoginPageFront" name="TestLogin" time="10.504"/>
  <testcase classname="com.LoginPageFront" name="TestLogin" time="7.850"/>
  <testcase classname="com.LoginPageFront" name="TestLogin" time="8.588"/>
</testsuite> <!-- com.LoginPageFront -->
